This is LuaTeX, Version 1.07.0 (MiKTeX 2.9.6630 64-bit)  (format=lualatex 2018.5.6)  14 MAY 2018 14:16
 restricted system commands enabled.
**Abstract.tex
(./Abstract.tex
LaTeX2e <2017-04-15>
Lua module: luaotfload-main 2017/01/29 2.80001 OpenType layout system.
Lua module: lualibs 2017-02-01 2.5 ConTeXt Lua standard libraries.
Lua module: lualibs-extended 2017-02-01 2.5 ConTeXt Lua libraries -- extended co
llection.(using cache: C:/Users/me/AppData/Local/MiKTeX/2.9/luatex-cache/generic
)
luaotfload | conf : Root cache directory is C:/Users/me/AppData/Local/MiKTeX/2.9
/luatex-cache/generic/names.
luaotfload | init : Loading fontloader “fontloader-2017-02-11.lua” from kpse
-resolved path “C:/Program Files/MiKTeX 2.9/tex/luatex/luaotfload/fontloader-2
017-02-11.lua”.
Lua-only attribute luaotfload@state = 1
Lua-only attribute luaotfload@noligature = 2
Lua-only attribute luaotfload@syllabe = 3
luaotfload | init : Context OpenType loader version “3.027”
Inserting `luaotfload.node_processor' at position 1 in `pre_linebreak_filter'.
Inserting `luaotfload.node_processor' at position 1 in `hpack_filter'.
Inserting `luaotfload.define_font' at position 1 in `define_font'.
Lua-only attribute luaotfload_color_attribute = 4
luaotfload | conf : Root cache directory is C:/Users/me/AppData/Local/MiKTeX/2.9
/luatex-cache/generic/names.
Inserting `luaotfload.aux.set_sscale_dimens' at position 1 in `luaotfload.patch_
font'.
Inserting `luaotfload.aux.patch_cambria_domh' at position 2 in `luaotfload.patch
_font'.
Inserting `luaotfload.aux.fixup_fontdata' at position 1 in `luaotfload.patch_fon
t_unsafe'.
Inserting `luaotfload.aux.set_capheight' at position 3 in `luaotfload.patch_font
'.
Inserting `luaotfload.rewrite_fontname' at position 4 in `luaotfload.patch_font'
.
luaotfload | main : initialization completed in 0.576 seconds
Babel <3.18> and hyphenation patterns for 1 language(s) loaded.
! Undefined control sequence.
l.2 \SpecialTitle
               {Abstract}
The control sequence at the end of the top line
of your error message was never \def'ed. If you have
misspelled it (e.g., `\hobx'), type `I' and the correct
spelling (e.g., `I\hbox'). Otherwise just continue,
and I'll forget about whatever was undefined.


! LaTeX Error: Missing \begin{document}.

See the LaTeX manual or LaTeX Companion for explanation.
Type  H <return>  for immediate help.
 ...                                              
                                                  
l.2 \SpecialTitle{A
                 bstract}
You're in trouble here.  Try typing  <return>  to proceed.
If that doesn't work, type  X <return>  to quit.


Overfull \hbox (20.0pt too wide) in paragraph at lines 2--4
[]Abstract 
 []


! LaTeX Error: Missing \begin{document}.

See the LaTeX manual or LaTeX Companion for explanation.
Type  H <return>  for immediate help.
 ...                                              
                                                  
l.5 O
   utliers are the data points which behave significantly differently from r...
You're in trouble here.  Try typing  <return>  to proceed.
If that doesn't work, type  X <return>  to quit.


Overfull \hbox (20.0pt too wide) in paragraph at lines 5--11
[]Outliers
 []


! LaTeX Error: Missing \begin{document}.

See the LaTeX manual or LaTeX Companion for explanation.
Type  H <return>  for immediate help.
 ...                                              
                                                  
l.12 L
    ocal Outlier Factor is a score for each of the data points that represen...
You're in trouble here.  Try typing  <return>  to proceed.
If that doesn't work, type  X <return>  to quit.

LaTeX Font Info:    External font `cmex10' loaded for size
(Font)              <7> on input line 12.
LaTeX Font Info:    External font `cmex10' loaded for size
(Font)              <5> on input line 12.

Overfull \hbox (20.0pt too wide) in paragraph at lines 12--13
[]Local
 []


Overfull \hbox (8.78014pt too wide) in paragraph at lines 12--13
\OML/cmm/m/it/10 m$
 []


Overfull \hbox (4.32756pt too wide) in paragraph at lines 12--13
\OML/cmm/m/it/10 c$
 []


! LaTeX Error: Missing \begin{document}.

See the LaTeX manual or LaTeX Companion for explanation.
Type  H <return>  for immediate help.
 ...                                              
                                                  
l.19 I
    n MiLOF we delete the points which came earlier. These points which are ...
You're in trouble here.  Try typing  <return>  to proceed.
If that doesn't work, type  X <return>  to quit.


Overfull \hbox (20.0pt too wide) in paragraph at lines 19--20
[]In
 []


Overfull \hbox (9.20833pt too wide) in paragraph at lines 19--20
\OML/cmm/m/it/10 K$
 []


! LaTeX Error: Missing \begin{document}.

See the LaTeX manual or LaTeX Companion for explanation.
Type  H <return>  for immediate help.
 ...                                              
                                                  
l.25 \noindent
            \textbf{\textit{Keywords}:~\textit{Outlier};~\textit{Local Outli...
You're in trouble here.  Try typing  <return>  to proceed.
If that doesn't work, type  X <return>  to quit.

luaotfload | db : Font names database loaded from C:/Users/me/AppData/Local/MiKT
eX/2.9/luatex-cache/generic/names/luaotfload-names.luc(load luc: C:/Users/me/App
Data/Local/MiKTeX/2.9/luatex-cache/generic/fonts/otl/lmroman10-bold.luc)(load lu
c: C:/Users/me/AppData/Local/MiKTeX/2.9/luatex-cache/generic/fonts/otl/lmroman10
-bolditalic.luc))
! Emergency stop.
<*> Abstract.tex
             
*** (job aborted, no legal \end found)



Here is how much of LuaTeX's memory you used:
 26 strings out of 494447
 100000,89155 words of node,token memory allocated 16629 words of node memory still in use:
   17 hlist, 5 local_par, 1 dir, 3 math, 389 glue, 8 kern, 16 penalty, 1894 glyp
h, 27 attribute, 35 glue_spec, 27 attribute_list, 1 temp nodes
   avail lists: 2:5,4:99,5:3,8:1,9:1,10:98
 4272 multiletter control sequences out of 65536+200000
 26 fonts using 1476487 bytes
 18i,1n,12p,841b,109s stack positions out of 5000i,500n,10000p,200000b,50000s
!  ==> Fatal error occurred, no output PDF file produced!
