This is LuaTeX, Version 1.07.0 (MiKTeX 2.9.6630 64-bit)  (format=lualatex 2018.5.6)  14 MAY 2018 07:27
 restricted system commands enabled.
**Acknowledge.tex
(./Acknowledge.tex
LaTeX2e <2017-04-15>
Lua module: luaotfload-main 2017/01/29 2.80001 OpenType layout system.
Lua module: lualibs 2017-02-01 2.5 ConTeXt Lua standard libraries.
Lua module: lualibs-extended 2017-02-01 2.5 ConTeXt Lua libraries -- extended co
llection.(using cache: C:/Users/me/AppData/Local/MiKTeX/2.9/luatex-cache/generic
)
luaotfload | conf : Root cache directory is C:/Users/me/AppData/Local/MiKTeX/2.9
/luatex-cache/generic/names.
luaotfload | init : Loading fontloader “fontloader-2017-02-11.lua” from kpse
-resolved path “C:/Program Files/MiKTeX 2.9/tex/luatex/luaotfload/fontloader-2
017-02-11.lua”.
Lua-only attribute luaotfload@state = 1
Lua-only attribute luaotfload@noligature = 2
Lua-only attribute luaotfload@syllabe = 3
luaotfload | init : Context OpenType loader version “3.027”
Inserting `luaotfload.node_processor' at position 1 in `pre_linebreak_filter'.
Inserting `luaotfload.node_processor' at position 1 in `hpack_filter'.
Inserting `luaotfload.define_font' at position 1 in `define_font'.
Lua-only attribute luaotfload_color_attribute = 4
luaotfload | conf : Root cache directory is C:/Users/me/AppData/Local/MiKTeX/2.9
/luatex-cache/generic/names.
Inserting `luaotfload.aux.set_sscale_dimens' at position 1 in `luaotfload.patch_
font'.
Inserting `luaotfload.aux.patch_cambria_domh' at position 2 in `luaotfload.patch
_font'.
Inserting `luaotfload.aux.fixup_fontdata' at position 1 in `luaotfload.patch_fon
t_unsafe'.
Inserting `luaotfload.aux.set_capheight' at position 3 in `luaotfload.patch_font
'.
Inserting `luaotfload.rewrite_fontname' at position 4 in `luaotfload.patch_font'
.
luaotfload | main : initialization completed in 0.575 seconds
Babel <3.18> and hyphenation patterns for 1 language(s) loaded.
! Undefined control sequence.
l.2 \SpecialTitle
               {Acknowledgment}
The control sequence at the end of the top line
of your error message was never \def'ed. If you have
misspelled it (e.g., `\hobx'), type `I' and the correct
spelling (e.g., `I\hbox'). Otherwise just continue,
and I'll forget about whatever was undefined.


! LaTeX Error: Missing \begin{document}.

See the LaTeX manual or LaTeX Companion for explanation.
Type  H <return>  for immediate help.
 ...                                              
                                                  
l.2 \SpecialTitle{A
                 cknowledgment}
You're in trouble here.  Try typing  <return>  to proceed.
If that doesn't work, type  X <return>  to quit.


Overfull \hbox (20.0pt too wide) in paragraph at lines 2--4
[]Acknowledgment 
 []


! LaTeX Error: Missing \begin{document}.

See the LaTeX manual or LaTeX Companion for explanation.
Type  H <return>  for immediate help.
 ...                                              
                                                  
l.6 I
    consider it as my privilege to express gratitude and respect to all thos...
You're in trouble here.  Try typing  <return>  to proceed.
If that doesn't work, type  X <return>  to quit.


Overfull \hbox (20.0pt too wide) in paragraph at lines 6--9
[]I
 []


! LaTeX Error: Missing \begin{document}.

See the LaTeX manual or LaTeX Companion for explanation.
Type  H <return>  for immediate help.
 ...                                              
                                                  
l.11 F
    irst and foremost, I would like to express my gratitude to my supervisor...
You're in trouble here.  Try typing  <return>  to proceed.
If that doesn't work, type  X <return>  to quit.


Overfull \hbox (20.0pt too wide) in paragraph at lines 11--17
[]First
 []


! LaTeX Error: Missing \begin{document}.

See the LaTeX manual or LaTeX Companion for explanation.
Type  H <return>  for immediate help.
 ...                                              
                                                  
l.20 I
     would also like to keep in the record the moral and emotional support p...
You're in trouble here.  Try typing  <return>  to proceed.
If that doesn't work, type  X <return>  to quit.


Overfull \hbox (20.0pt too wide) in paragraph at lines 20--22
[]I
 []


! LaTeX Error: Missing \begin{document}.

See the LaTeX manual or LaTeX Companion for explanation.
Type  H <return>  for immediate help.
 ...                                              
                                                  
l.24 \begin{minipage}{.45\linewidth}
                                  
You're in trouble here.  Try typing  <return>  to proceed.
If that doesn't work, type  X <return>  to quit.

LaTeX Font Info:    External font `cmex10' loaded for size
(Font)              <7> on input line 29.
LaTeX Font Info:    External font `cmex10' loaded for size
(Font)              <5> on input line 29.
luaotfload | db : Font names database loaded from C:/Users/me/AppData/Local/MiKT
eX/2.9/luatex-cache/generic/names/luaotfload-names.luc(load luc: C:/Users/me/App
Data/Local/MiKTeX/2.9/luatex-cache/generic/fonts/otl/lmroman10-italic.luc)
Overfull \hbox (19.45pt too wide) in paragraph at lines 32--32
 \TU/lmr/m/it/10 Avul
 []


Overfull \hbox (23.78001pt too wide) in paragraph at lines 32--32
 \TU/lmr/m/it/10 Pakir
 []


Overfull \hbox (22.63pt too wide) in paragraph at lines 32--32
 \TU/lmr/m/it/10 Jain-
 []


Overfull \hbox (8.95pt too wide) in paragraph at lines 32--32
 \TU/lmr/m/it/10 u-
 []


Overfull \hbox (11.25pt too wide) in paragraph at lines 32--32
 \TU/lmr/m/it/10 la-
 []


Overfull \hbox (8.18001pt too wide) in paragraph at lines 32--32
 \TU/lmr/m/it/10 b-
 []


Overfull \hbox (19.42001pt too wide) in paragraph at lines 32--32
 \TU/lmr/m/it/10 deen
 []


Overfull \hbox (15.1pt too wide) in paragraph at lines 32--32
 \TU/lmr/m/it/10 Ab-
 []


Overfull \hbox (13.04pt too wide) in paragraph at lines 32--32
 \TU/lmr/m/it/10 dul
 []


Overfull \hbox (28.58pt too wide) in paragraph at lines 32--32
 \TU/lmr/m/it/10 Kalam
 []

)
! Emergency stop.
<*> Acknowledge.tex
                
*** (job aborted, no legal \end found)



Here is how much of LuaTeX's memory you used:
 24 strings out of 494447
 100000,89155 words of node,token memory allocated 7969 words of node memory still in use:
   32 hlist, 2 vlist, 5 disc, 9 local_par, 1 dir, 4 math, 225 glue, 5 kern, 22 p
enalty, 788 glyph, 24 attribute, 35 glue_spec, 24 attribute_list, 1 temp nodes
   avail lists: 2:5,3:1,4:74,5:18,8:1,9:1,10:73
 4271 multiletter control sequences out of 65536+200000
 25 fonts using 1344807 bytes
 20i,3n,18p,103b,176s stack positions out of 5000i,500n,10000p,200000b,50000s
!  ==> Fatal error occurred, no output PDF file produced!
